
*** Running vivado
    with args -log UpDownButtonCount.vdi -applog -m64 -product Vivado -messageDb vivado.pb -mode batch -source UpDownButtonCount.tcl -notrace


****** Vivado v2019.2 (64-bit)
  **** SW Build 2708876 on Wed Nov  6 21:39:14 MST 2019
  **** IP Build 2700528 on Thu Nov  7 00:09:20 MST 2019
    ** Copyright 1986-2019 Xilinx, Inc. All Rights Reserved.

source UpDownButtonCount.tcl -notrace
Command: link_design -top UpDownButtonCount -part xc7a35tcpg236-1
Design is defaulting to srcset: sources_1
Design is defaulting to constrset: constrs_1
INFO: [Device 21-403] Loading part xc7a35tcpg236-1
Netlist sorting complete. Time (s): cpu = 00:00:00 ; elapsed = 00:00:00 . Memory (MB): peak = 1755.625 ; gain = 0.000 ; free physical = 9720 ; free virtual = 28936
INFO: [Netlist 29-17] Analyzing 12 Unisim elements for replacement
INFO: [Netlist 29-28] Unisim Transformation completed in 0 CPU seconds
INFO: [Project 1-479] Netlist was created with Vivado 2019.2
INFO: [Project 1-570] Preparing netlist for logic optimization
Parsing XDC File [/auto/fsi/nrbenn14/ecen-323/lab01/UpDownButtonCount.xdc]
Finished Parsing XDC File [/auto/fsi/nrbenn14/ecen-323/lab01/UpDownButtonCount.xdc]
INFO: [Opt 31-138] Pushed 0 inverter(s) to 0 load pin(s).
Netlist sorting complete. Time (s): cpu = 00:00:00 ; elapsed = 00:00:00 . Memory (MB): peak = 1904.184 ; gain = 0.000 ; free physical = 9625 ; free virtual = 28841
INFO: [Project 1-111] Unisim Transformation Summary:
No Unisim elements were transformed.

7 Infos, 0 Warnings, 0 Critical Warnings and 0 Errors encountered.
link_design completed successfully
link_design: Time (s): cpu = 00:00:03 ; elapsed = 00:00:08 . Memory (MB): peak = 1910.121 ; gain = 401.648 ; free physical = 9625 ; free virtual = 28840
Command: opt_design
Attempting to get a license for feature 'Implementation' and/or device 'xc7a35t'
INFO: [Common 17-349] Got license for feature 'Implementation' and/or device 'xc7a35t'
Running DRC as a precondition to command opt_design

Starting DRC Task
INFO: [DRC 23-27] Running DRC with 8 threads
INFO: [Project 1-461] DRC finished with 0 Errors
INFO: [Project 1-462] Please refer to the DRC report (report_drc) for more information.

Time (s): cpu = 00:00:00.90 ; elapsed = 00:00:00.94 . Memory (MB): peak = 2045.559 ; gain = 135.438 ; free physical = 9621 ; free virtual = 28836

Starting Cache Timing Information Task
INFO: [Timing 38-35] Done setting XDC timing constraints.
Ending Cache Timing Information Task | Checksum: 1f7cab88e

Time (s): cpu = 00:00:05 ; elapsed = 00:00:06 . Memory (MB): peak = 2428.566 ; gain = 383.008 ; free physical = 9250 ; free virtual = 28465

Starting Logic Optimization Task

Phase 1 Retarget
INFO: [Opt 31-138] Pushed 0 inverter(s) to 0 load pin(s).
INFO: [Opt 31-49] Retargeted 0 cell(s).
Phase 1 Retarget | Checksum: 1a29b282f

Time (s): cpu = 00:00:00.01 ; elapsed = 00:00:00.01 . Memory (MB): peak = 2585.504 ; gain = 0.000 ; free physical = 9093 ; free virtual = 28308
INFO: [Opt 31-389] Phase Retarget created 0 cells and removed 1 cells

Phase 2 Constant propagation
INFO: [Opt 31-138] Pushed 0 inverter(s) to 0 load pin(s).
Phase 2 Constant propagation | Checksum: 1a29b282f

Time (s): cpu = 00:00:00.01 ; elapsed = 00:00:00.01 . Memory (MB): peak = 2585.504 ; gain = 0.000 ; free physical = 9093 ; free virtual = 28308
INFO: [Opt 31-389] Phase Constant propagation created 0 cells and removed 0 cells

Phase 3 Sweep
Phase 3 Sweep | Checksum: 1b148f20a

Time (s): cpu = 00:00:00.02 ; elapsed = 00:00:00.01 . Memory (MB): peak = 2585.504 ; gain = 0.000 ; free physical = 9093 ; free virtual = 28308
INFO: [Opt 31-389] Phase Sweep created 0 cells and removed 0 cells

Phase 4 BUFG optimization
INFO: [Opt 31-1112] Starts optimizing BUFG(s) with a common MMCM/DPLL/XPLL driver.
INFO: [Opt 31-1112] Starts optimizing BUFG(s) with a common driver.
INFO: [Opt 31-1092] Phase BUFG optimization transformed 0 BUFG(s) to MBUFG(s).
Phase 4 BUFG optimization | Checksum: 1b148f20a

Time (s): cpu = 00:00:00.02 ; elapsed = 00:00:00.02 . Memory (MB): peak = 2585.504 ; gain = 0.000 ; free physical = 9093 ; free virtual = 28308
INFO: [Opt 31-662] Phase BUFG optimization created 0 cells of which 0 are BUFGs and removed 0 cells.

Phase 5 Shift Register Optimization
INFO: [Opt 31-1064] SRL Remap converted 0 SRLs to 0 registers and converted 0 registers of register chains to 0 SRLs
Phase 5 Shift Register Optimization | Checksum: 1b148f20a

Time (s): cpu = 00:00:00.02 ; elapsed = 00:00:00.02 . Memory (MB): peak = 2585.504 ; gain = 0.000 ; free physical = 9093 ; free virtual = 28308
INFO: [Opt 31-389] Phase Shift Register Optimization created 0 cells and removed 0 cells

Phase 6 Post Processing Netlist
Phase 6 Post Processing Netlist | Checksum: 1b148f20a

Time (s): cpu = 00:00:00.02 ; elapsed = 00:00:00.02 . Memory (MB): peak = 2585.504 ; gain = 0.000 ; free physical = 9093 ; free virtual = 28308
INFO: [Opt 31-389] Phase Post Processing Netlist created 0 cells and removed 0 cells
Opt_design Change Summary
=========================


-------------------------------------------------------------------------------------------------------------------------
|  Phase                        |  #Cells created  |  #Cells Removed  |  #Constrained objects preventing optimizations  |
-------------------------------------------------------------------------------------------------------------------------
|  Retarget                     |               0  |               1  |                                              0  |
|  Constant propagation         |               0  |               0  |                                              0  |
|  Sweep                        |               0  |               0  |                                              0  |
|  BUFG optimization            |               0  |               0  |                                              0  |
|  Shift Register Optimization  |               0  |               0  |                                              0  |
|  Post Processing Netlist      |               0  |               0  |                                              0  |
-------------------------------------------------------------------------------------------------------------------------



Starting Connectivity Check Task

Time (s): cpu = 00:00:00 ; elapsed = 00:00:00.01 . Memory (MB): peak = 2585.504 ; gain = 0.000 ; free physical = 9093 ; free virtual = 28308
Ending Logic Optimization Task | Checksum: 19fc7e910

Time (s): cpu = 00:00:00.03 ; elapsed = 00:00:00.03 . Memory (MB): peak = 2585.504 ; gain = 0.000 ; free physical = 9093 ; free virtual = 28308

Starting Power Optimization Task
INFO: [Pwropt 34-132] Skipping clock gating for clocks with a period < 2.00 ns.
Ending Power Optimization Task | Checksum: 19fc7e910

Time (s): cpu = 00:00:00.01 ; elapsed = 00:00:00.02 . Memory (MB): peak = 2585.504 ; gain = 0.000 ; free physical = 9092 ; free virtual = 28308

Starting Final Cleanup Task
Ending Final Cleanup Task | Checksum: 19fc7e910

Time (s): cpu = 00:00:00 ; elapsed = 00:00:00 . Memory (MB): peak = 2585.504 ; gain = 0.000 ; free physical = 9092 ; free virtual = 28308

Starting Netlist Obfuscation Task
Netlist sorting complete. Time (s): cpu = 00:00:00 ; elapsed = 00:00:00 . Memory (MB): peak = 2585.504 ; gain = 0.000 ; free physical = 9092 ; free virtual = 28308
Ending Netlist Obfuscation Task | Checksum: 19fc7e910

Time (s): cpu = 00:00:00 ; elapsed = 00:00:00 . Memory (MB): peak = 2585.504 ; gain = 0.000 ; free physical = 9092 ; free virtual = 28308
INFO: [Common 17-83] Releasing license: Implementation
27 Infos, 0 Warnings, 0 Critical Warnings and 0 Errors encountered.
opt_design completed successfully
opt_design: Time (s): cpu = 00:00:07 ; elapsed = 00:00:08 . Memory (MB): peak = 2585.504 ; gain = 675.383 ; free physical = 9092 ; free virtual = 28308
Netlist sorting complete. Time (s): cpu = 00:00:00 ; elapsed = 00:00:00 . Memory (MB): peak = 2585.504 ; gain = 0.000 ; free physical = 9092 ; free virtual = 28308
INFO: [Timing 38-480] Writing timing data to binary archive.
Writing placer database...
Writing XDEF routing.
Writing XDEF routing logical nets.
Writing XDEF routing special nets.
Write XDEF Complete: Time (s): cpu = 00:00:00.03 ; elapsed = 00:00:00.02 . Memory (MB): peak = 2617.520 ; gain = 0.000 ; free physical = 9089 ; free virtual = 28305
INFO: [Common 17-1381] The checkpoint '/auto/fsi/nrbenn14/ecen-323/lab01/proj_updownbuttoncount/UpDownButtonCount/UpDownButtonCount.runs/impl_1/UpDownButtonCount_opt.dcp' has been generated.
INFO: [runtcl-4] Executing : report_drc -file UpDownButtonCount_drc_opted.rpt -pb UpDownButtonCount_drc_opted.pb -rpx UpDownButtonCount_drc_opted.rpx
Command: report_drc -file UpDownButtonCount_drc_opted.rpt -pb UpDownButtonCount_drc_opted.pb -rpx UpDownButtonCount_drc_opted.rpx
INFO: [IP_Flow 19-234] Refreshing IP repositories
INFO: [IP_Flow 19-1704] No user IP repositories specified
INFO: [IP_Flow 19-2313] Loaded Vivado IP repository '/tools/Xilinx/Vivado/2019.2/data/ip'.
INFO: [DRC 23-27] Running DRC with 8 threads
INFO: [Coretcl 2-168] The results of DRC are in file /auto/fsi/nrbenn14/ecen-323/lab01/proj_updownbuttoncount/UpDownButtonCount/UpDownButtonCount.runs/impl_1/UpDownButtonCount_drc_opted.rpt.
report_drc completed successfully
Command: place_design
Attempting to get a license for feature 'Implementation' and/or device 'xc7a35t'
INFO: [Common 17-349] Got license for feature 'Implementation' and/or device 'xc7a35t'
INFO: [DRC 23-27] Running DRC with 8 threads
INFO: [Vivado_Tcl 4-198] DRC finished with 0 Errors
INFO: [Vivado_Tcl 4-199] Please refer to the DRC report (report_drc) for more information.
Running DRC as a precondition to command place_design
INFO: [DRC 23-27] Running DRC with 8 threads
INFO: [Vivado_Tcl 4-198] DRC finished with 0 Errors
INFO: [Vivado_Tcl 4-199] Please refer to the DRC report (report_drc) for more information.

Starting Placer Task
INFO: [Place 30-611] Multithreading enabled for place_design using a maximum of 8 CPUs

Phase 1 Placer Initialization

Phase 1.1 Placer Initialization Netlist Sorting
Netlist sorting complete. Time (s): cpu = 00:00:00 ; elapsed = 00:00:00 . Memory (MB): peak = 2737.281 ; gain = 0.000 ; free physical = 9072 ; free virtual = 28288
Phase 1.1 Placer Initialization Netlist Sorting | Checksum: ff16f1a7

Time (s): cpu = 00:00:00.01 ; elapsed = 00:00:00.03 . Memory (MB): peak = 2737.281 ; gain = 0.000 ; free physical = 9072 ; free virtual = 28288
Netlist sorting complete. Time (s): cpu = 00:00:00 ; elapsed = 00:00:00 . Memory (MB): peak = 2737.281 ; gain = 0.000 ; free physical = 9072 ; free virtual = 28288

Phase 1.2 IO Placement/ Clock Placement/ Build Placer Device
INFO: [Timing 38-35] Done setting XDC timing constraints.
Phase 1.2 IO Placement/ Clock Placement/ Build Placer Device | Checksum: 1ae28fe65

Time (s): cpu = 00:00:00.56 ; elapsed = 00:00:00.20 . Memory (MB): peak = 2737.281 ; gain = 0.000 ; free physical = 9058 ; free virtual = 28274

Phase 1.3 Build Placer Netlist Model
Phase 1.3 Build Placer Netlist Model | Checksum: 1cbb6c42c

Time (s): cpu = 00:00:00.70 ; elapsed = 00:00:00.23 . Memory (MB): peak = 2737.281 ; gain = 0.000 ; free physical = 9071 ; free virtual = 28287

Phase 1.4 Constrain Clocks/Macros
Phase 1.4 Constrain Clocks/Macros | Checksum: 1cbb6c42c

Time (s): cpu = 00:00:00.70 ; elapsed = 00:00:00.23 . Memory (MB): peak = 2737.281 ; gain = 0.000 ; free physical = 9071 ; free virtual = 28287
Phase 1 Placer Initialization | Checksum: 1cbb6c42c

Time (s): cpu = 00:00:00.70 ; elapsed = 00:00:00.23 . Memory (MB): peak = 2737.281 ; gain = 0.000 ; free physical = 9071 ; free virtual = 28287

Phase 2 Global Placement

Phase 2.1 Floorplanning
Phase 2.1 Floorplanning | Checksum: 28f40c231

Time (s): cpu = 00:00:01 ; elapsed = 00:00:00.28 . Memory (MB): peak = 2737.281 ; gain = 0.000 ; free physical = 9067 ; free virtual = 28283

Phase 2.2 Global Placement Core

Phase 2.2.1 Physical Synthesis In Placer
INFO: [Physopt 32-1018] Found 2 candidate LUT instances to create LUTNM shape
INFO: [Physopt 32-775] End 1 Pass. Optimized 1 net or cell. Created 0 new cell, deleted 1 existing cell and moved 0 existing cell
INFO: [Physopt 32-65] No nets found for high-fanout optimization.
INFO: [Physopt 32-232] Optimized 0 net. Created 0 new instance.
INFO: [Physopt 32-775] End 1 Pass. Optimized 0 net or cell. Created 0 new cell, deleted 0 existing cell and moved 0 existing cell
INFO: [Physopt 32-670] No setup violation found.  DSP Register Optimization was not performed.
INFO: [Physopt 32-670] No setup violation found.  Shift Register to Pipeline Optimization was not performed.
INFO: [Physopt 32-670] No setup violation found.  Shift Register Optimization was not performed.
INFO: [Physopt 32-670] No setup violation found.  BRAM Register Optimization was not performed.
INFO: [Physopt 32-949] No candidate nets found for HD net replication
INFO: [Physopt 32-775] End 1 Pass. Optimized 0 net or cell. Created 0 new cell, deleted 0 existing cell and moved 0 existing cell
Netlist sorting complete. Time (s): cpu = 00:00:00 ; elapsed = 00:00:00 . Memory (MB): peak = 2737.281 ; gain = 0.000 ; free physical = 9059 ; free virtual = 28274

Summary of Physical Synthesis Optimizations
============================================


-----------------------------------------------------------------------------------------------------------------------------------------------------------
|  Optimization                                     |  Added Cells  |  Removed Cells  |  Optimized Cells/Nets  |  Dont Touch  |  Iterations  |  Elapsed   |
-----------------------------------------------------------------------------------------------------------------------------------------------------------
|  LUT Combining                                    |            0  |              1  |                     1  |           0  |           1  |  00:00:00  |
|  Very High Fanout                                 |            0  |              0  |                     0  |           0  |           1  |  00:00:00  |
|  DSP Register                                     |            0  |              0  |                     0  |           0  |           0  |  00:00:00  |
|  Shift Register to Pipeline                       |            0  |              0  |                     0  |           0  |           0  |  00:00:00  |
|  Shift Register                                   |            0  |              0  |                     0  |           0  |           0  |  00:00:00  |
|  BRAM Register                                    |            0  |              0  |                     0  |           0  |           0  |  00:00:00  |
|  Dynamic/Static Region Interface Net Replication  |            0  |              0  |                     0  |           0  |           1  |  00:00:00  |
|  Total                                            |            0  |              1  |                     1  |           0  |           3  |  00:00:00  |
-----------------------------------------------------------------------------------------------------------------------------------------------------------


Phase 2.2.1 Physical Synthesis In Placer | Checksum: 1a3d77621

Time (s): cpu = 00:00:03 ; elapsed = 00:00:00.75 . Memory (MB): peak = 2737.281 ; gain = 0.000 ; free physical = 9059 ; free virtual = 28274
Phase 2.2 Global Placement Core | Checksum: 1e9658b16

Time (s): cpu = 00:00:04 ; elapsed = 00:00:00.77 . Memory (MB): peak = 2737.281 ; gain = 0.000 ; free physical = 9059 ; free virtual = 28274
Phase 2 Global Placement | Checksum: 1e9658b16

Time (s): cpu = 00:00:04 ; elapsed = 00:00:00.77 . Memory (MB): peak = 2737.281 ; gain = 0.000 ; free physical = 9059 ; free virtual = 28274

Phase 3 Detail Placement

Phase 3.1 Commit Multi Column Macros
Phase 3.1 Commit Multi Column Macros | Checksum: 2522bc10d

Time (s): cpu = 00:00:04 ; elapsed = 00:00:00.78 . Memory (MB): peak = 2737.281 ; gain = 0.000 ; free physical = 9058 ; free virtual = 28274

Phase 3.2 Commit Most Macros & LUTRAMs
Phase 3.2 Commit Most Macros & LUTRAMs | Checksum: 229c00c18

Time (s): cpu = 00:00:04 ; elapsed = 00:00:00.80 . Memory (MB): peak = 2737.281 ; gain = 0.000 ; free physical = 9058 ; free virtual = 28274

Phase 3.3 Area Swap Optimization
Phase 3.3 Area Swap Optimization | Checksum: 1c9c2aa2e

Time (s): cpu = 00:00:04 ; elapsed = 00:00:00.80 . Memory (MB): peak = 2737.281 ; gain = 0.000 ; free physical = 9058 ; free virtual = 28274

Phase 3.4 Pipeline Register Optimization
Phase 3.4 Pipeline Register Optimization | Checksum: 1fa1ca265

Time (s): cpu = 00:00:04 ; elapsed = 00:00:00.80 . Memory (MB): peak = 2737.281 ; gain = 0.000 ; free physical = 9058 ; free virtual = 28274

Phase 3.5 Small Shape Detail Placement
Phase 3.5 Small Shape Detail Placement | Checksum: 1af863935

Time (s): cpu = 00:00:04 ; elapsed = 00:00:00.86 . Memory (MB): peak = 2737.281 ; gain = 0.000 ; free physical = 9054 ; free virtual = 28270

Phase 3.6 Re-assign LUT pins
Phase 3.6 Re-assign LUT pins | Checksum: 16e57f642

Time (s): cpu = 00:00:04 ; elapsed = 00:00:00.87 . Memory (MB): peak = 2737.281 ; gain = 0.000 ; free physical = 9055 ; free virtual = 28270

Phase 3.7 Pipeline Register Optimization
Phase 3.7 Pipeline Register Optimization | Checksum: 13dfdde19

Time (s): cpu = 00:00:04 ; elapsed = 00:00:00.87 . Memory (MB): peak = 2737.281 ; gain = 0.000 ; free physical = 9055 ; free virtual = 28270
Phase 3 Detail Placement | Checksum: 13dfdde19

Time (s): cpu = 00:00:04 ; elapsed = 00:00:00.87 . Memory (MB): peak = 2737.281 ; gain = 0.000 ; free physical = 9055 ; free virtual = 28270

Phase 4 Post Placement Optimization and Clean-Up

Phase 4.1 Post Commit Optimization
INFO: [Timing 38-35] Done setting XDC timing constraints.

Phase 4.1.1 Post Placement Optimization
Post Placement Optimization Initialization | Checksum: 134233b7e

Phase 4.1.1.1 BUFG Insertion
INFO: [Place 46-56] BUFG insertion identified 0 candidate nets. Inserted BUFG: 0, Replicated BUFG Driver: 0, Skipped due to Placement/Routing Conflicts: 0, Skipped due to Timing Degradation: 0, Skipped due to Illegal Netlist: 0.
Phase 4.1.1.1 BUFG Insertion | Checksum: 134233b7e

Time (s): cpu = 00:00:04 ; elapsed = 00:00:00.89 . Memory (MB): peak = 2737.281 ; gain = 0.000 ; free physical = 9054 ; free virtual = 28270
INFO: [Place 30-746] Post Placement Timing Summary WNS=5.247. For the most accurate timing information please run report_timing.
Phase 4.1.1 Post Placement Optimization | Checksum: 21b3cdb4c

Time (s): cpu = 00:00:04 ; elapsed = 00:00:00.89 . Memory (MB): peak = 2737.281 ; gain = 0.000 ; free physical = 9054 ; free virtual = 28270
Phase 4.1 Post Commit Optimization | Checksum: 21b3cdb4c

Time (s): cpu = 00:00:04 ; elapsed = 00:00:00.89 . Memory (MB): peak = 2737.281 ; gain = 0.000 ; free physical = 9054 ; free virtual = 28270

Phase 4.2 Post Placement Cleanup
Phase 4.2 Post Placement Cleanup | Checksum: 21b3cdb4c

Time (s): cpu = 00:00:04 ; elapsed = 00:00:00.90 . Memory (MB): peak = 2737.281 ; gain = 0.000 ; free physical = 9056 ; free virtual = 28272

Phase 4.3 Placer Reporting
Phase 4.3 Placer Reporting | Checksum: 21b3cdb4c

Time (s): cpu = 00:00:04 ; elapsed = 00:00:00.90 . Memory (MB): peak = 2737.281 ; gain = 0.000 ; free physical = 9056 ; free virtual = 28272

Phase 4.4 Final Placement Cleanup
Netlist sorting complete. Time (s): cpu = 00:00:00 ; elapsed = 00:00:00 . Memory (MB): peak = 2737.281 ; gain = 0.000 ; free physical = 9056 ; free virtual = 28272
Phase 4.4 Final Placement Cleanup | Checksum: 1fa79d615

Time (s): cpu = 00:00:04 ; elapsed = 00:00:00.90 . Memory (MB): peak = 2737.281 ; gain = 0.000 ; free physical = 9056 ; free virtual = 28272
Phase 4 Post Placement Optimization and Clean-Up | Checksum: 1fa79d615

Time (s): cpu = 00:00:04 ; elapsed = 00:00:00.90 . Memory (MB): peak = 2737.281 ; gain = 0.000 ; free physical = 9056 ; free virtual = 28272
Ending Placer Task | Checksum: 110e937a4

Time (s): cpu = 00:00:04 ; elapsed = 00:00:00.91 . Memory (MB): peak = 2737.281 ; gain = 0.000 ; free physical = 9056 ; free virtual = 28272
INFO: [Common 17-83] Releasing license: Implementation
59 Infos, 0 Warnings, 0 Critical Warnings and 0 Errors encountered.
place_design completed successfully
Netlist sorting complete. Time (s): cpu = 00:00:00 ; elapsed = 00:00:00 . Memory (MB): peak = 2737.281 ; gain = 0.000 ; free physical = 9065 ; free virtual = 28281
INFO: [Timing 38-480] Writing timing data to binary archive.
Writing placer database...
Writing XDEF routing.
Writing XDEF routing logical nets.
Writing XDEF routing special nets.
Write XDEF Complete: Time (s): cpu = 00:00:00.03 ; elapsed = 00:00:00.04 . Memory (MB): peak = 2737.281 ; gain = 0.000 ; free physical = 9061 ; free virtual = 28278
INFO: [Common 17-1381] The checkpoint '/auto/fsi/nrbenn14/ecen-323/lab01/proj_updownbuttoncount/UpDownButtonCount/UpDownButtonCount.runs/impl_1/UpDownButtonCount_placed.dcp' has been generated.
INFO: [runtcl-4] Executing : report_io -file UpDownButtonCount_io_placed.rpt
report_io: Time (s): cpu = 00:00:00.09 ; elapsed = 00:00:00.14 . Memory (MB): peak = 2737.281 ; gain = 0.000 ; free physical = 9057 ; free virtual = 28273
INFO: [runtcl-4] Executing : report_utilization -file UpDownButtonCount_utilization_placed.rpt -pb UpDownButtonCount_utilization_placed.pb
INFO: [runtcl-4] Executing : report_control_sets -verbose -file UpDownButtonCount_control_sets_placed.rpt
report_control_sets: Time (s): cpu = 00:00:00.04 ; elapsed = 00:00:00.08 . Memory (MB): peak = 2737.281 ; gain = 0.000 ; free physical = 9064 ; free virtual = 28280
Command: phys_opt_design
Attempting to get a license for feature 'Implementation' and/or device 'xc7a35t'
INFO: [Common 17-349] Got license for feature 'Implementation' and/or device 'xc7a35t'
INFO: [Vivado_Tcl 4-383] Design worst setup slack (WNS) is greater than or equal to 0.250 ns. Skipping all physical synthesis optimizations.
INFO: [Vivado_Tcl 4-232] No setup violation found. The netlist was not modified.
INFO: [Common 17-83] Releasing license: Implementation
68 Infos, 0 Warnings, 0 Critical Warnings and 0 Errors encountered.
phys_opt_design completed successfully
Netlist sorting complete. Time (s): cpu = 00:00:00 ; elapsed = 00:00:00 . Memory (MB): peak = 2737.281 ; gain = 0.000 ; free physical = 9037 ; free virtual = 28253
INFO: [Timing 38-480] Writing timing data to binary archive.
Writing placer database...
Writing XDEF routing.
Writing XDEF routing logical nets.
Writing XDEF routing special nets.
Write XDEF Complete: Time (s): cpu = 00:00:00.05 ; elapsed = 00:00:00.03 . Memory (MB): peak = 2737.281 ; gain = 0.000 ; free physical = 9032 ; free virtual = 28250
INFO: [Common 17-1381] The checkpoint '/auto/fsi/nrbenn14/ecen-323/lab01/proj_updownbuttoncount/UpDownButtonCount/UpDownButtonCount.runs/impl_1/UpDownButtonCount_physopt.dcp' has been generated.
Command: route_design
Attempting to get a license for feature 'Implementation' and/or device 'xc7a35t'
INFO: [Common 17-349] Got license for feature 'Implementation' and/or device 'xc7a35t'
Running DRC as a precondition to command route_design
INFO: [DRC 23-27] Running DRC with 8 threads
INFO: [Vivado_Tcl 4-198] DRC finished with 0 Errors
INFO: [Vivado_Tcl 4-199] Please refer to the DRC report (report_drc) for more information.


Starting Routing Task
INFO: [Route 35-254] Multithreading enabled for route_design using a maximum of 8 CPUs
Checksum: PlaceDB: 5d0a2ffc ConstDB: 0 ShapeSum: b3df07a8 RouteDB: 0

Phase 1 Build RT Design
Phase 1 Build RT Design | Checksum: 1f79c4b9

Time (s): cpu = 00:00:09 ; elapsed = 00:00:08 . Memory (MB): peak = 2782.500 ; gain = 0.000 ; free physical = 8925 ; free virtual = 28141
Post Restoration Checksum: NetGraph: 957e07b NumContArr: 1621e43e Constraints: 0 Timing: 0

Phase 2 Router Initialization

Phase 2.1 Create Timer
Phase 2.1 Create Timer | Checksum: 1f79c4b9

Time (s): cpu = 00:00:09 ; elapsed = 00:00:08 . Memory (MB): peak = 2782.500 ; gain = 0.000 ; free physical = 8926 ; free virtual = 28142

Phase 2.2 Fix Topology Constraints
Phase 2.2 Fix Topology Constraints | Checksum: 1f79c4b9

Time (s): cpu = 00:00:09 ; elapsed = 00:00:08 . Memory (MB): peak = 2782.500 ; gain = 0.000 ; free physical = 8892 ; free virtual = 28109

Phase 2.3 Pre Route Cleanup
Phase 2.3 Pre Route Cleanup | Checksum: 1f79c4b9

Time (s): cpu = 00:00:09 ; elapsed = 00:00:08 . Memory (MB): peak = 2782.500 ; gain = 0.000 ; free physical = 8892 ; free virtual = 28109
 Number of Nodes with overlaps = 0

Phase 2.4 Update Timing
Phase 2.4 Update Timing | Checksum: 18b69bb77

Time (s): cpu = 00:00:09 ; elapsed = 00:00:08 . Memory (MB): peak = 2782.500 ; gain = 0.000 ; free physical = 8886 ; free virtual = 28102
INFO: [Route 35-416] Intermediate Timing Summary | WNS=5.226  | TNS=0.000  | WHS=-0.057 | THS=-0.396 |

Phase 2 Router Initialization | Checksum: 130eab7e0

Time (s): cpu = 00:00:09 ; elapsed = 00:00:08 . Memory (MB): peak = 2782.500 ; gain = 0.000 ; free physical = 8886 ; free virtual = 28102

Router Utilization Summary
  Global Vertical Routing Utilization    = 0 %
  Global Horizontal Routing Utilization  = 0 %
  Routable Net Status*
  *Does not include unroutable nets such as driverless and loadless.
  Run report_route_status for detailed report.
  Number of Failed Nets               = 98
    (Failed Nets is the sum of unrouted and partially routed nets)
  Number of Unrouted Nets             = 98
  Number of Partially Routed Nets     = 0
  Number of Node Overlaps             = 0


Phase 3 Initial Routing
Phase 3 Initial Routing | Checksum: 144d4e8ab

Time (s): cpu = 00:00:09 ; elapsed = 00:00:08 . Memory (MB): peak = 2782.500 ; gain = 0.000 ; free physical = 8886 ; free virtual = 28102

Phase 4 Rip-up And Reroute

Phase 4.1 Global Iteration 0
 Number of Nodes with overlaps = 3
 Number of Nodes with overlaps = 0
INFO: [Route 35-416] Intermediate Timing Summary | WNS=5.017  | TNS=0.000  | WHS=N/A    | THS=N/A    |

Phase 4.1 Global Iteration 0 | Checksum: 21d37070b

Time (s): cpu = 00:00:09 ; elapsed = 00:00:08 . Memory (MB): peak = 2782.500 ; gain = 0.000 ; free physical = 8887 ; free virtual = 28104
Phase 4 Rip-up And Reroute | Checksum: 21d37070b

Time (s): cpu = 00:00:09 ; elapsed = 00:00:08 . Memory (MB): peak = 2782.500 ; gain = 0.000 ; free physical = 8887 ; free virtual = 28104

Phase 5 Delay and Skew Optimization

Phase 5.1 Delay CleanUp
Phase 5.1 Delay CleanUp | Checksum: 21d37070b

Time (s): cpu = 00:00:09 ; elapsed = 00:00:08 . Memory (MB): peak = 2782.500 ; gain = 0.000 ; free physical = 8887 ; free virtual = 28104

Phase 5.2 Clock Skew Optimization
Phase 5.2 Clock Skew Optimization | Checksum: 21d37070b

Time (s): cpu = 00:00:09 ; elapsed = 00:00:08 . Memory (MB): peak = 2782.500 ; gain = 0.000 ; free physical = 8887 ; free virtual = 28104
Phase 5 Delay and Skew Optimization | Checksum: 21d37070b

Time (s): cpu = 00:00:09 ; elapsed = 00:00:08 . Memory (MB): peak = 2782.500 ; gain = 0.000 ; free physical = 8887 ; free virtual = 28104

Phase 6 Post Hold Fix

Phase 6.1 Hold Fix Iter

Phase 6.1.1 Update Timing
Phase 6.1.1 Update Timing | Checksum: 20b98f4b9

Time (s): cpu = 00:00:09 ; elapsed = 00:00:08 . Memory (MB): peak = 2782.500 ; gain = 0.000 ; free physical = 8887 ; free virtual = 28104
INFO: [Route 35-416] Intermediate Timing Summary | WNS=5.096  | TNS=0.000  | WHS=0.241  | THS=0.000  |

Phase 6.1 Hold Fix Iter | Checksum: 20b98f4b9

Time (s): cpu = 00:00:09 ; elapsed = 00:00:08 . Memory (MB): peak = 2782.500 ; gain = 0.000 ; free physical = 8887 ; free virtual = 28104
Phase 6 Post Hold Fix | Checksum: 20b98f4b9

Time (s): cpu = 00:00:09 ; elapsed = 00:00:08 . Memory (MB): peak = 2782.500 ; gain = 0.000 ; free physical = 8887 ; free virtual = 28104

Phase 7 Route finalize

Router Utilization Summary
  Global Vertical Routing Utilization    = 0.0678466 %
  Global Horizontal Routing Utilization  = 0.0947423 %
  Routable Net Status*
  *Does not include unroutable nets such as driverless and loadless.
  Run report_route_status for detailed report.
  Number of Failed Nets               = 0
    (Failed Nets is the sum of unrouted and partially routed nets)
  Number of Unrouted Nets             = 0
  Number of Partially Routed Nets     = 0
  Number of Node Overlaps             = 0

Phase 7 Route finalize | Checksum: 20b98f4b9

Time (s): cpu = 00:00:09 ; elapsed = 00:00:08 . Memory (MB): peak = 2782.500 ; gain = 0.000 ; free physical = 8887 ; free virtual = 28104

Phase 8 Verifying routed nets

 Verification completed successfully
Phase 8 Verifying routed nets | Checksum: 20b98f4b9

Time (s): cpu = 00:00:09 ; elapsed = 00:00:08 . Memory (MB): peak = 2782.500 ; gain = 0.000 ; free physical = 8886 ; free virtual = 28102

Phase 9 Depositing Routes
Phase 9 Depositing Routes | Checksum: 1e959ed51

Time (s): cpu = 00:00:09 ; elapsed = 00:00:08 . Memory (MB): peak = 2782.500 ; gain = 0.000 ; free physical = 8886 ; free virtual = 28102

Phase 10 Post Router Timing
INFO: [Route 35-57] Estimated Timing Summary | WNS=5.096  | TNS=0.000  | WHS=0.241  | THS=0.000  |

INFO: [Route 35-327] The final timing numbers are based on the router estimated timing analysis. For a complete and accurate timing signoff, please run report_timing_summary.
Phase 10 Post Router Timing | Checksum: 1e959ed51

Time (s): cpu = 00:00:09 ; elapsed = 00:00:08 . Memory (MB): peak = 2782.500 ; gain = 0.000 ; free physical = 8886 ; free virtual = 28102
INFO: [Route 35-16] Router Completed Successfully

Time (s): cpu = 00:00:09 ; elapsed = 00:00:08 . Memory (MB): peak = 2782.500 ; gain = 0.000 ; free physical = 8919 ; free virtual = 28136

Routing Is Done.
INFO: [Common 17-83] Releasing license: Implementation
82 Infos, 0 Warnings, 0 Critical Warnings and 0 Errors encountered.
route_design completed successfully
route_design: Time (s): cpu = 00:00:11 ; elapsed = 00:00:09 . Memory (MB): peak = 2782.500 ; gain = 45.219 ; free physical = 8919 ; free virtual = 28136
Netlist sorting complete. Time (s): cpu = 00:00:00 ; elapsed = 00:00:00 . Memory (MB): peak = 2782.500 ; gain = 0.000 ; free physical = 8919 ; free virtual = 28136
INFO: [Timing 38-480] Writing timing data to binary archive.
Writing placer database...
Writing XDEF routing.
Writing XDEF routing logical nets.
Writing XDEF routing special nets.
Write XDEF Complete: Time (s): cpu = 00:00:00.12 ; elapsed = 00:00:00.05 . Memory (MB): peak = 2782.500 ; gain = 0.000 ; free physical = 8914 ; free virtual = 28132
INFO: [Common 17-1381] The checkpoint '/auto/fsi/nrbenn14/ecen-323/lab01/proj_updownbuttoncount/UpDownButtonCount/UpDownButtonCount.runs/impl_1/UpDownButtonCount_routed.dcp' has been generated.
INFO: [runtcl-4] Executing : report_drc -file UpDownButtonCount_drc_routed.rpt -pb UpDownButtonCount_drc_routed.pb -rpx UpDownButtonCount_drc_routed.rpx
Command: report_drc -file UpDownButtonCount_drc_routed.rpt -pb UpDownButtonCount_drc_routed.pb -rpx UpDownButtonCount_drc_routed.rpx
INFO: [IP_Flow 19-1839] IP Catalog is up to date.
INFO: [DRC 23-27] Running DRC with 8 threads
INFO: [Coretcl 2-168] The results of DRC are in file /auto/fsi/nrbenn14/ecen-323/lab01/proj_updownbuttoncount/UpDownButtonCount/UpDownButtonCount.runs/impl_1/UpDownButtonCount_drc_routed.rpt.
report_drc completed successfully
INFO: [runtcl-4] Executing : report_methodology -file UpDownButtonCount_methodology_drc_routed.rpt -pb UpDownButtonCount_methodology_drc_routed.pb -rpx UpDownButtonCount_methodology_drc_routed.rpx
Command: report_methodology -file UpDownButtonCount_methodology_drc_routed.rpt -pb UpDownButtonCount_methodology_drc_routed.pb -rpx UpDownButtonCount_methodology_drc_routed.rpx
INFO: [Timing 38-35] Done setting XDC timing constraints.
INFO: [DRC 23-133] Running Methodology with 8 threads
INFO: [Coretcl 2-1520] The results of Report Methodology are in file /auto/fsi/nrbenn14/ecen-323/lab01/proj_updownbuttoncount/UpDownButtonCount/UpDownButtonCount.runs/impl_1/UpDownButtonCount_methodology_drc_routed.rpt.
report_methodology completed successfully
INFO: [runtcl-4] Executing : report_power -file UpDownButtonCount_power_routed.rpt -pb UpDownButtonCount_power_summary_routed.pb -rpx UpDownButtonCount_power_routed.rpx
Command: report_power -file UpDownButtonCount_power_routed.rpt -pb UpDownButtonCount_power_summary_routed.pb -rpx UpDownButtonCount_power_routed.rpx
INFO: [Timing 38-35] Done setting XDC timing constraints.
Running Vector-less Activity Propagation...

Finished Running Vector-less Activity Propagation
94 Infos, 0 Warnings, 0 Critical Warnings and 0 Errors encountered.
report_power completed successfully
INFO: [runtcl-4] Executing : report_route_status -file UpDownButtonCount_route_status.rpt -pb UpDownButtonCount_route_status.pb
INFO: [runtcl-4] Executing : report_timing_summary -max_paths 10 -file UpDownButtonCount_timing_summary_routed.rpt -pb UpDownButtonCount_timing_summary_routed.pb -rpx UpDownButtonCount_timing_summary_routed.rpx -warn_on_violation 
INFO: [Timing 38-91] UpdateTimingParams: Speed grade: -1, Delay Type: min_max.
INFO: [Timing 38-191] Multithreading enabled for timing update using a maximum of 8 CPUs
INFO: [runtcl-4] Executing : report_incremental_reuse -file UpDownButtonCount_incremental_reuse_routed.rpt
INFO: [Vivado_Tcl 4-1062] Incremental flow is disabled. No incremental reuse Info to report.
INFO: [runtcl-4] Executing : report_clock_utilization -file UpDownButtonCount_clock_utilization_routed.rpt
INFO: [runtcl-4] Executing : report_bus_skew -warn_on_violation -file UpDownButtonCount_bus_skew_routed.rpt -pb UpDownButtonCount_bus_skew_routed.pb -rpx UpDownButtonCount_bus_skew_routed.rpx
INFO: [Timing 38-91] UpdateTimingParams: Speed grade: -1, Delay Type: min_max.
INFO: [Timing 38-191] Multithreading enabled for timing update using a maximum of 8 CPUs
INFO: [Common 17-206] Exiting Vivado at Tue Jan 17 14:58:52 2023...

*** Running vivado
    with args -log UpDownButtonCount.vdi -applog -m64 -product Vivado -messageDb vivado.pb -mode batch -source UpDownButtonCount.tcl -notrace


****** Vivado v2019.2 (64-bit)
  **** SW Build 2708876 on Wed Nov  6 21:39:14 MST 2019
  **** IP Build 2700528 on Thu Nov  7 00:09:20 MST 2019
    ** Copyright 1986-2019 Xilinx, Inc. All Rights Reserved.

source UpDownButtonCount.tcl -notrace
Command: open_checkpoint UpDownButtonCount_routed.dcp

Starting open_checkpoint Task

Time (s): cpu = 00:00:00.05 ; elapsed = 00:00:00.07 . Memory (MB): peak = 1457.453 ; gain = 0.000 ; free physical = 9754 ; free virtual = 29118
INFO: [Device 21-403] Loading part xc7a35tcpg236-1
Netlist sorting complete. Time (s): cpu = 00:00:00 ; elapsed = 00:00:00 . Memory (MB): peak = 1754.621 ; gain = 0.000 ; free physical = 9557 ; free virtual = 28776
INFO: [Netlist 29-17] Analyzing 12 Unisim elements for replacement
INFO: [Netlist 29-28] Unisim Transformation completed in 0 CPU seconds
INFO: [Project 1-479] Netlist was created with Vivado 2019.2
INFO: [Project 1-570] Preparing netlist for logic optimization
INFO: [Timing 38-478] Restoring timing data from binary archive.
INFO: [Timing 38-479] Binary timing data restore complete.
INFO: [Project 1-856] Restoring constraints from binary archive.
INFO: [Project 1-853] Binary constraint restore complete.
Reading XDEF placement.
Reading placer database...
Reading XDEF routing.
Read XDEF File: Time (s): cpu = 00:00:00.06 ; elapsed = 00:00:00.11 . Memory (MB): peak = 2373.707 ; gain = 6.938 ; free physical = 9072 ; free virtual = 28290
Restored from archive | CPU: 0.110000 secs | Memory: 1.195808 MB |
Finished XDEF File Restore: Time (s): cpu = 00:00:00.06 ; elapsed = 00:00:00.11 . Memory (MB): peak = 2373.707 ; gain = 6.938 ; free physical = 9072 ; free virtual = 28290
Netlist sorting complete. Time (s): cpu = 00:00:00 ; elapsed = 00:00:00 . Memory (MB): peak = 2373.707 ; gain = 0.000 ; free physical = 9072 ; free virtual = 28290
INFO: [Project 1-111] Unisim Transformation Summary:
No Unisim elements were transformed.

INFO: [Project 1-604] Checkpoint was created with Vivado v2019.2 (64-bit) build 2708876
open_checkpoint: Time (s): cpu = 00:00:10 ; elapsed = 00:00:15 . Memory (MB): peak = 2373.707 ; gain = 916.254 ; free physical = 9072 ; free virtual = 28290
Command: write_bitstream -force UpDownButtonCount.bit
Attempting to get a license for feature 'Implementation' and/or device 'xc7a35t'
INFO: [Common 17-349] Got license for feature 'Implementation' and/or device 'xc7a35t'
Running DRC as a precondition to command write_bitstream
INFO: [IP_Flow 19-234] Refreshing IP repositories
INFO: [IP_Flow 19-1704] No user IP repositories specified
INFO: [IP_Flow 19-2313] Loaded Vivado IP repository '/tools/Xilinx/Vivado/2019.2/data/ip'.
INFO: [DRC 23-27] Running DRC with 8 threads
INFO: [Vivado 12-3199] DRC finished with 0 Errors
INFO: [Vivado 12-3200] Please refer to the DRC report (report_drc) for more information.
INFO: [Designutils 20-2272] Running write_bitstream with 8 threads.
Loading data files...
Loading site data...
Loading route data...
Processing options...
Creating bitmap...
Creating bitstream...
Writing bitstream ./UpDownButtonCount.bit...
INFO: [Vivado 12-1842] Bitgen Completed Successfully.
INFO: [Project 1-118] WebTalk data collection is enabled (User setting is ON. Install Setting is ON.).
INFO: [Common 17-186] '/auto/fsi/nrbenn14/ecen-323/lab01/proj_updownbuttoncount/UpDownButtonCount/UpDownButtonCount.runs/impl_1/usage_statistics_webtalk.xml' has been successfully sent to Xilinx on Tue Jan 17 15:00:19 2023. For additional details about this file, please refer to the WebTalk help file at /tools/Xilinx/Vivado/2019.2/doc/webtalk_introduction.html.
INFO: [Common 17-83] Releasing license: Implementation
23 Infos, 0 Warnings, 0 Critical Warnings and 0 Errors encountered.
write_bitstream completed successfully
write_bitstream: Time (s): cpu = 00:00:07 ; elapsed = 00:00:11 . Memory (MB): peak = 2798.531 ; gain = 424.824 ; free physical = 9008 ; free virtual = 28231
INFO: [Common 17-206] Exiting Vivado at Tue Jan 17 15:00:19 2023...
